<?xml version="1.0" encoding="UTF-8"?>
<testsuite name="com.example.mecanica.ExampleUnitTest" tests="1" skipped="0" failures="0" errors="0" timestamp="2023-11-26T02:31:51" hostname="GUSTAVO" time="0.002">
  <properties/>
  <testcase name="addition_isCorrect" classname="com.example.mecanica.ExampleUnitTest" time="0.002"/>
  <system-out><![CDATA[]]></system-out>
  <system-err><![CDATA[]]></system-err>
</testsuite>
